OUT: -------------------------------------------------------------------------------
OUT: TEST BUILD: /home/kristian/projects/jruby-maven-plugins/rake-maven-plugin/src/it/rake-tasks/pom.xml
OUT: Goals: de.saumya.mojo:rake-maven-plugin:rake
OUT: Flags: -Drake.args=-T
OUT: -------------------------------------------------------------------------------
OUT: [INFO] Error stacktraces are turned on.
OUT: [INFO] Scanning for projects...
OUT: Downloading: http://repo1.maven.org/maven2/de/saumya/mojo/rake-maven-plugin/maven-metadata.xml
OUT: [INFO]                                                                         
OUT: [INFO] ------------------------------------------------------------------------
OUT: [INFO] Building jruby-version testing
OUT: [INFO] ------------------------------------------------------------------------
OUT: Downloading: http://repo1.maven.org/maven2/de/saumya/mojo/rake-maven-plugin/maven-metadata.xml
OUT: [INFO] 
OUT: [INFO] --- rake-maven-plugin:0.20.0-SNAPSHOT:rake (default-cli) @ jruby-version ---
OUT: [WARNING] JRuby limited openssl loaded. http://jruby.org/openssl
OUT: [WARNING] gem install jruby-openssl for full support.
OUT: [INFO] Successfully installed jruby-openssl-0.7
OUT: [INFO] Successfully installed rake-0.8.7
OUT: [INFO] 2 gems installed
OUT: args: [-e, ENV['GEM_PATH']='/home/kristian/projects/jruby-maven-plugins/rake-maven-plugin/src/it/rake-tasks/target/rubygems';ENV['GEM_HOME']='/home/kristian/projects/jruby-maven-plugins/rake-maven-plugin/src/it/rake-tasks/target/rubygems';ARGV.clear;ARGV.<<(['-T']).flatten!;load('/home/kristian/projects/jruby-maven-plugins/rake-maven-plugin/src/it/rake-tasks/target/rubygems/bin/rake');]
OUT: (in /home/kristian/projects/jruby-maven-plugins/rake-maven-plugin/src/it/rake-tasks)
OUT: rake something  # do something meaningful
OUT: time 3113
OUT: [INFO] ------------------------------------------------------------------------
OUT: [INFO] BUILD SUCCESS
OUT: [INFO] ------------------------------------------------------------------------
OUT: [INFO] Total time: 14.167s
OUT: [INFO] Finished at: Mon Jul 19 04:14:12 IST 2010
OUT: [INFO] Final Memory: 8M/121M
OUT: [INFO] ------------------------------------------------------------------------
OUT: -------------------------------------------------------------------------------
OUT: SUCCESS
OUT: -------------------------------------------------------------------------------
