  [4;36;1mSQL (1.0ms)[0m   [0;1m SELECT name
 FROM sqlite_master
 WHERE type = 'table' AND NOT name = 'sqlite_sequence'
[0m
  [4;35;1mSQL (176.0ms)[0m   [0mCREATE TABLE schema_migrations (version VARCHAR(255) NOT NULL) [0m
  [4;36;1mSQL (145.0ms)[0m   [0;1mCREATE UNIQUE INDEX unique_schema_migrations ON schema_migrations (version)[0m
  [4;35;1mSQL (0.0ms)[0m   [0m SELECT name
 FROM sqlite_master
 WHERE type = 'table' AND NOT name = 'sqlite_sequence'
[0m
  [4;36;1mSQL (0.0ms)[0m   [0;1mSELECT version FROM schema_migrations[0m
Migrating to CreateUsers (20100329042622)
  [4;35;1mSQL (202.0ms)[0m   [0mCREATE TABLE users (id INTEGER PRIMARY KEY AUTOINCREMENT NOT NULL, name VARCHAR(255), created_at DATETIME, updated_at DATETIME) [0m
  [4;36;1mSQL (210.0ms)[0m   [0;1mINSERT INTO schema_migrations (version) VALUES ('20100329042622')[0m
  [4;35;1mSQL (0.0ms)[0m   [0mSELECT SEQ FROM SQLITE_SEQUENCE WHERE NAME = 'schema_migrations'[0m
  [4;36;1mSQL (1.0ms)[0m   [0;1m SELECT name
 FROM sqlite_master
 WHERE type = 'table' AND NOT name = 'sqlite_sequence'
[0m
  [4;35;1mSQL (0.0ms)[0m   [0mSELECT version FROM schema_migrations[0m
  [4;36;1mSQL (0.0ms)[0m   [0;1m SELECT name
 FROM sqlite_master
 WHERE type = 'table' AND NOT name = 'sqlite_sequence'
[0m
  [4;35;1mSQL (1.0ms)[0m   [0mSELECT name, sql FROM sqlite_master WHERE tbl_name = 'users' AND type = 'index'[0m


Processing ApplicationController#index (for 0:0:0:0:0:0:0:1 at 2010-03-29 10:26:51) [GET]

ActionController::RoutingError (No route matches "/users" with {:method=>:get}):
  target/rubygems/gems/actionpack-2.3.5/lib/action_controller/routing/recognition_optimisation.rb:66:in `recognize_path'
  target/rubygems/gems/actionpack-2.3.5/lib/action_controller/routing/route_set.rb:441:in `recognize'
  target/rubygems/gems/actionpack-2.3.5/lib/action_controller/routing/route_set.rb:436:in `call'
  target/rubygems/gems/actionpack-2.3.5/lib/action_controller/dispatcher.rb:87:in `dispatch'
  target/rubygems/gems/actionpack-2.3.5/lib/action_controller/dispatcher.rb:121:in `_call'
  target/rubygems/gems/actionpack-2.3.5/lib/action_controller/dispatcher.rb:130:in `build_middleware_stack'
  target/rubygems/gems/activerecord-2.3.5/lib/active_record/query_cache.rb:29:in `call'
  target/rubygems/gems/activerecord-2.3.5/lib/active_record/query_cache.rb:29:in `call'
  target/rubygems/gems/activerecord-2.3.5/lib/active_record/connection_adapters/abstract/query_cache.rb:34:in `cache'
  target/rubygems/gems/activerecord-2.3.5/lib/active_record/query_cache.rb:9:in `cache'
  target/rubygems/gems/activerecord-2.3.5/lib/active_record/query_cache.rb:28:in `call'
  target/rubygems/gems/activerecord-2.3.5/lib/active_record/connection_adapters/abstract/connection_pool.rb:361:in `call'
  target/rubygems/gems/actionpack-2.3.5/lib/action_controller/string_coercion.rb:25:in `call'
  target/rubygems/gems/actionpack-2.3.5/lib/action_controller/params_parser.rb:15:in `call'
  target/rubygems/gems/actionpack-2.3.5/lib/action_controller/session/cookie_store.rb:93:in `call'
  target/rubygems/gems/actionpack-2.3.5/lib/action_controller/failsafe.rb:26:in `call'
  target/rubygems/gems/actionpack-2.3.5/lib/action_controller/dispatcher.rb:114:in `call'
  target/rubygems/gems/actionpack-2.3.5/lib/action_controller/reloader.rb:34:in `run'
  target/rubygems/gems/actionpack-2.3.5/lib/action_controller/dispatcher.rb:108:in `call'
  target/rubygems/gems/rails-2.3.5/lib/rails/rack/static.rb:31:in `call'
  target/rubygems/gems/rails-2.3.5/lib/rails/rack/log_tailer.rb:17:in `call'
  file:/home/kristian/.m2/repository/org/jruby/jruby-complete/1.4.0/jruby-complete-1.4.0.jar!/META-INF/jruby.home/lib/ruby/1.8/webrick/httpserver.rb:104:in `service'
  file:/home/kristian/.m2/repository/org/jruby/jruby-complete/1.4.0/jruby-complete-1.4.0.jar!/META-INF/jruby.home/lib/ruby/1.8/webrick/httpserver.rb:65:in `run'
  file:/home/kristian/.m2/repository/org/jruby/jruby-complete/1.4.0/jruby-complete-1.4.0.jar!/META-INF/jruby.home/lib/ruby/1.8/webrick/server.rb:173:in `start_thread'
  file:/home/kristian/.m2/repository/org/jruby/jruby-complete/1.4.0/jruby-complete-1.4.0.jar!/META-INF/jruby.home/lib/ruby/1.8/webrick/server.rb:162:in `start'
  file:/home/kristian/.m2/repository/org/jruby/jruby-complete/1.4.0/jruby-complete-1.4.0.jar!/META-INF/jruby.home/lib/ruby/1.8/webrick/server.rb:162:in `start_thread'
  file:/home/kristian/.m2/repository/org/jruby/jruby-complete/1.4.0/jruby-complete-1.4.0.jar!/META-INF/jruby.home/lib/ruby/1.8/webrick/server.rb:95:in `start'
  file:/home/kristian/.m2/repository/org/jruby/jruby-complete/1.4.0/jruby-complete-1.4.0.jar!/META-INF/jruby.home/lib/ruby/1.8/webrick/server.rb:92:in `each'
  file:/home/kristian/.m2/repository/org/jruby/jruby-complete/1.4.0/jruby-complete-1.4.0.jar!/META-INF/jruby.home/lib/ruby/1.8/webrick/server.rb:92:in `start'
  file:/home/kristian/.m2/repository/org/jruby/jruby-complete/1.4.0/jruby-complete-1.4.0.jar!/META-INF/jruby.home/lib/ruby/1.8/webrick/server.rb:23:in `start'
  file:/home/kristian/.m2/repository/org/jruby/jruby-complete/1.4.0/jruby-complete-1.4.0.jar!/META-INF/jruby.home/lib/ruby/1.8/webrick/server.rb:82:in `start'
  target/rubygems/gems/rails-2.3.5/lib/commands/server.rb:111
  target/rubygems/gems/rails-2.3.5/lib/commands/server.rb:31:in `require'

Rendering rescues/layout (not_found)


Processing UsersController#index (for 0:0:0:0:0:0:0:1 at 2010-03-29 10:28:39) [GET]
  [4;36;1mUser Load (1.0ms)[0m   [0;1mSELECT * FROM users [0m
Rendering template within layouts/users
Rendering users/index
Completed in 251ms (View: 212, DB: 1) | 200 OK [http://localhost/users]


Processing UsersController#new (for 0:0:0:0:0:0:0:1 at 2010-03-29 10:28:42) [GET]
Rendering template within layouts/users
Rendering users/new
Completed in 84ms (View: 58, DB: 0) | 200 OK [http://localhost/users/new]


Processing UsersController#create (for 0:0:0:0:0:0:0:1 at 2010-03-29 10:28:44) [POST]
  Parameters: {"authenticity_token"=>"Szt512cYaBYLoEahidu7R5XUGaMPlkVTVBUn88/2yj4=", "user"=>{"name"=>"hjkhk"}, "commit"=>"Create"}
  [4;35;1mUser Create (1.0ms)[0m   [0mINSERT INTO users (name, created_at, updated_at) VALUES('hjkhk', '2010-03-29 04:58:44', '2010-03-29 04:58:44')[0m
  [4;36;1mSQL (0.0ms)[0m   [0;1mSELECT SEQ FROM SQLITE_SEQUENCE WHERE NAME = 'users'[0m
Redirected to http://localhost:3000/users/1
Completed in 270ms (DB: 1) | 302 Found [http://localhost/users]


Processing UsersController#show (for 0:0:0:0:0:0:0:1 at 2010-03-29 10:28:44) [GET]
  Parameters: {"id"=>"1"}
  [4;35;1mUser Load (0.0ms)[0m   [0mSELECT * FROM users WHERE (users.id = 1) [0m
Rendering template within layouts/users
Rendering users/show
Completed in 111ms (View: 25, DB: 0) | 200 OK [http://localhost/users/1]


Processing UsersController#index (for 0:0:0:0:0:0:0:1 at 2010-03-29 10:28:46) [GET]
  [4;36;1mUser Load (1.0ms)[0m   [0;1mSELECT * FROM users [0m
Rendering template within layouts/users
Rendering users/index
Completed in 65ms (View: 33, DB: 1) | 200 OK [http://localhost/users]


Processing UsersController#edit (for 0:0:0:0:0:0:0:1 at 2010-03-29 10:28:49) [GET]
  Parameters: {"id"=>"1"}
  [4;35;1mUser Load (0.0ms)[0m   [0mSELECT * FROM users WHERE (users.id = 1) [0m
Rendering template within layouts/users
Rendering users/edit
Completed in 231ms (View: 193, DB: 0) | 200 OK [http://localhost/users/1/edit]


Processing UsersController#update (for 0:0:0:0:0:0:0:1 at 2010-03-29 10:28:51) [PUT]
  Parameters: {"authenticity_token"=>"Szt512cYaBYLoEahidu7R5XUGaMPlkVTVBUn88/2yj4=", "user"=>{"name"=>"hjkhkgjhgj"}, "commit"=>"Update", "id"=>"1"}
  [4;36;1mUser Load (0.0ms)[0m   [0;1mSELECT * FROM users WHERE (users.id = 1) [0m
  [4;35;1mUser Update (1.0ms)[0m   [0mUPDATE users SET name = 'hjkhkgjhgj', updated_at = '2010-03-29 04:58:51' WHERE id = 1[0m
Redirected to http://localhost:3000/users/1
Completed in 291ms (DB: 1) | 302 Found [http://localhost/users/1]


Processing UsersController#show (for 0:0:0:0:0:0:0:1 at 2010-03-29 10:28:51) [GET]
  Parameters: {"id"=>"1"}
  [4;36;1mUser Load (1.0ms)[0m   [0;1mSELECT * FROM users WHERE (users.id = 1) [0m
Rendering template within layouts/users
Rendering users/show
Completed in 189ms (View: 20, DB: 1) | 200 OK [http://localhost/users/1]


Processing UsersController#index (for 0:0:0:0:0:0:0:1 at 2010-03-29 10:28:54) [GET]
  [4;35;1mUser Load (1.0ms)[0m   [0mSELECT * FROM users [0m
Rendering template within layouts/users
Rendering users/index
Completed in 68ms (View: 57, DB: 1) | 200 OK [http://localhost/users]


Processing UsersController#show (for 0:0:0:0:0:0:0:1 at 2010-03-29 10:28:56) [GET]
  Parameters: {"id"=>"1"}
  [4;36;1mUser Load (1.0ms)[0m   [0;1mSELECT * FROM users WHERE (users.id = 1) [0m
Rendering template within layouts/users
Rendering users/show
Completed in 66ms (View: 18, DB: 1) | 200 OK [http://localhost/users/1]


Processing UsersController#index (for 0:0:0:0:0:0:0:1 at 2010-03-29 10:28:59) [GET]
  [4;35;1mUser Load (1.0ms)[0m   [0mSELECT * FROM users [0m
Rendering template within layouts/users
Rendering users/index
Completed in 54ms (View: 32, DB: 1) | 200 OK [http://localhost/users]


Processing UsersController#destroy (for 0:0:0:0:0:0:0:1 at 2010-03-29 10:29:07) [DELETE]
  Parameters: {"authenticity_token"=>"Szt512cYaBYLoEahidu7R5XUGaMPlkVTVBUn88/2yj4=", "id"=>"1"}
  [4;36;1mUser Load (0.0ms)[0m   [0;1mSELECT * FROM users WHERE (users.id = 1) [0m
  [4;35;1mUser Destroy (1.0ms)[0m   [0mDELETE FROM users WHERE id = 1[0m
Redirected to http://localhost:3000/users
Completed in 249ms (DB: 1) | 302 Found [http://localhost/users/1]


Processing UsersController#index (for 0:0:0:0:0:0:0:1 at 2010-03-29 10:29:08) [GET]
  [4;36;1mUser Load (1.0ms)[0m   [0;1mSELECT * FROM users [0m
Rendering template within layouts/users
Rendering users/index
Completed in 31ms (View: 14, DB: 1) | 200 OK [http://localhost/users]
  [4;36;1mSQL (1.0ms)[0m   [0;1m SELECT name
 FROM sqlite_master
 WHERE type = 'table' AND NOT name = 'sqlite_sequence'
[0m
  [4;35;1mSQL (1.0ms)[0m   [0mSELECT version FROM schema_migrations[0m
  [4;36;1mSQL (1.0ms)[0m   [0;1m SELECT name
 FROM sqlite_master
 WHERE type = 'table' AND NOT name = 'sqlite_sequence'
[0m
  [4;35;1mSQL (0.0ms)[0m   [0m SELECT name
 FROM sqlite_master
 WHERE type = 'table' AND NOT name = 'sqlite_sequence'
[0m
  [4;36;1mSQL (227.0ms)[0m   [0;1mCREATE TABLE users (id INTEGER PRIMARY KEY AUTOINCREMENT NOT NULL, name VARCHAR(255), created_at DATETIME, updated_at DATETIME) [0m
  [4;35;1mSQL (1.0ms)[0m   [0m SELECT name
 FROM sqlite_master
 WHERE type = 'table' AND NOT name = 'sqlite_sequence'
[0m
  [4;36;1mSQL (139.0ms)[0m   [0;1mCREATE TABLE schema_migrations (version VARCHAR(255) NOT NULL) [0m
  [4;35;1mSQL (145.0ms)[0m   [0mCREATE UNIQUE INDEX unique_schema_migrations ON schema_migrations (version)[0m
  [4;36;1mSQL (1.0ms)[0m   [0;1m SELECT name
 FROM sqlite_master
 WHERE type = 'table' AND NOT name = 'sqlite_sequence'
[0m
  [4;35;1mSQL (0.0ms)[0m   [0mSELECT version FROM schema_migrations[0m
  [4;36;1mSQL (1.0ms)[0m   [0;1mSELECT SEQ FROM SQLITE_SEQUENCE WHERE NAME = 'schema_migrations'[0m
  [4;35;1mSQL (173.0ms)[0m   [0mINSERT INTO schema_migrations (version) VALUES ('20100329042622')[0m
